{"C:\\Users\\simar\\OneDrive\\Documents\\My Projects\\Javascript-JEST-Testing-Basics\\testing\\woof.js": {"path":"C:\\Users\\simar\\OneDrive\\Documents\\My Projects\\Javascript-JEST-Testing-Basics\\testing\\woof.js","statementMap":{"0":{"start":{"line":2,"column":0},"end":{"line":2,"column":29}},"1":{"start":{"line":3,"column":4},"end":{"line":3,"column":23}},"2":{"start":{"line":5,"column":0},"end":{"line":5,"column":20}}},"fnMap":{"0":{"name":"woof","decl":{"start":{"line":1,"column":9},"end":{"line":1,"column":13}},"loc":{"start":{"line":1,"column":18},"end":{"line":4,"column":1}},"line":1}},"branchMap":{},"s":{"0":1,"1":1,"2":1},"f":{"0":1},"b":{},"_coverageSchema":"1a1c01bbd47fc00a2c39e90264f33305004495a9","hash":"93d8073e31f7d779f1c571d3d2aa7f5ef36db359"}
}
